\BOOKMARK [1][-]{section.1}{\376\377\006\105\006\102\006\057\006\105\006\107}{}% 1
\BOOKMARK [1][-]{section.2}{\376\377\006\064\006\061\006\055\000\040\006\176\006\314\006\047\006\057\006\107\040\014\006\063\006\047\006\062\006\314\000\040\006\110\000\040\006\105\006\071\006\105\006\047\006\061\006\314\000\040\006\063\006\314\006\063\006\052\006\105}{}% 2
\BOOKMARK [2][-]{subsection.2.1}{\376\377\006\063\006\047\006\056\006\052\006\047\006\061\000\040\006\251\006\057\000\040\006\110\000\040\006\052\006\055\006\104\006\314\006\104\000\040\006\054\006\061\006\314\006\047\006\106\000\040\006\057\006\047\006\057\006\107}{section.2}% 3
\BOOKMARK [2][-]{subsection.2.2}{\376\377\006\061\006\314\006\047\006\066\006\314\006\047\006\052\000\040\006\050\006\107\006\314\006\106\006\107\040\014\006\063\006\047\006\062\006\314\000\040\006\257\006\110\006\063\000-\006\106\006\314\006\110\006\052\006\106}{section.2}% 4
\BOOKMARK [2][-]{subsection.2.3}{\376\377\006\052\006\106\006\070\006\314\006\105\006\047\006\052\000\040\006\176\006\047\006\061\006\047\006\105\006\052\006\061\006\107\006\047}{section.2}% 5
\BOOKMARK [1][-]{section.3}{\376\377\006\047\006\104\006\101\000\051\000\040\006\064\006\050\006\251\006\107\000\040\006\071\006\065\006\050\006\314\000\040\006\105\006\071\006\105\006\110\006\104\006\314\000\040\006\050\006\047\000\040\006\063\006\107\000\040\006\104\006\047\006\314\006\107\000\040\006\105\006\056\006\101\006\314}{}% 6
\BOOKMARK [2][-]{subsection.3.1}{\376\377\006\061\006\110\006\047\006\050\006\067\000\040\006\176\006\314\006\064\006\061\006\110\000\040\000\050\000F\000o\000r\000w\000a\000r\000d\000\040\000P\000a\000s\000s\000\051}{section.3}% 7
\BOOKMARK [2][-]{subsection.3.2}{\376\377\006\061\006\110\006\047\006\050\006\067\000\040\006\176\006\063\006\061\006\110\000\040\006\057\006\102\006\314\006\102\000\040\000\050\000E\000x\000a\000c\000t\000\040\000J\000a\000c\000o\000b\000i\000a\000n\000\040\000C\000a\000l\000c\000u\000l\000a\000t\000i\000o\000n\000\051}{section.3}% 8
\BOOKMARK [2][-]{subsection.3.3}{\376\377\006\052\006\055\006\104\006\314\006\104\000\040\006\106\006\052\006\047\006\314\006\054\000\040\006\110\000\040\006\052\006\065\006\047\006\110\006\314\006\061}{section.3}% 9
\BOOKMARK [1][-]{section.4}{\376\377\006\050\000\051\000\040\006\064\006\050\006\251\006\107\000\040\006\071\006\065\006\050\006\314\000\040\006\071\006\047\006\067\006\101\006\314\000\040\000\050\000E\000m\000o\000t\000i\000o\000n\000a\000l\000\040\000N\000N\000\051}{}% 10
\BOOKMARK [2][-]{subsection.4.1}{\376\377\006\061\006\110\006\047\006\050\006\067\000\040\006\176\006\314\006\064\006\061\006\110\000\040\006\110\000\040\006\052\006\071\006\061\006\314\006\101\000\040\006\063\006\314\006\257\006\106\006\047\006\104\000\040\006\071\006\047\006\067\006\101\006\314}{section.4}% 11
\BOOKMARK [2][-]{subsection.4.2}{\376\377\006\061\006\110\006\047\006\050\006\067\000\040\006\176\006\063\006\061\006\110\000\040\006\110\000\040\006\047\006\053\006\050\006\047\006\052\000\040\006\105\006\047\006\052\006\061\006\314\006\063\000\040\006\230\006\047\006\251\006\110\006\050\006\314\006\106\000\040\006\071\006\047\006\067\006\101\006\314}{section.4}% 12
\BOOKMARK [2][-]{subsection.4.3}{\376\377\006\052\006\055\006\104\006\314\006\104\000\040\006\106\006\052\006\047\006\314\006\054}{section.4}% 13
\BOOKMARK [1][-]{section.5}{\376\377\006\054\000\051\000\040\006\042\006\105\006\110\006\062\006\064\000\040\006\066\006\061\006\047\006\314\006\050\000\040\006\071\006\047\006\067\006\101\006\314\000\040\000\050\000k\0001\000,\000\040\000k\0002\000\051}{}% 14
\BOOKMARK [2][-]{subsection.5.1}{\376\377\006\176\006\047\006\061\006\047\006\105\006\052\006\061\006\063\006\047\006\062\006\314\000\040\006\050\006\047\000\040\006\052\006\047\006\050\006\071\000\040\000S\000o\000f\000t\000m\000a\000x}{section.5}% 15
\BOOKMARK [2][-]{subsection.5.2}{\376\377\006\105\006\064\006\052\006\102\006\047\006\052\000\040\006\054\006\062\006\046\006\314\000\040\006\050\006\061\006\047\006\314\000\040\006\042\006\105\006\110\006\062\006\064\000\040}{section.5}% 16
\BOOKMARK [2][-]{subsection.5.3}{\376\377\006\052\006\055\006\104\006\314\006\104\000\040\006\106\006\052\006\047\006\314\006\054}{section.5}% 17
\BOOKMARK [1][-]{section.6}{\376\377\006\057\000\051\000\040\006\064\006\050\006\251\006\107\000\040\006\071\006\047\006\067\006\101\006\314\000\040\006\050\006\047\000\040\006\106\006\110\006\061\006\110\006\106\040\014\006\107\006\047\006\314\000\040\006\063\006\314\006\257\006\105\006\110\006\046\006\314\006\057\000\040\006\047\006\106\006\071\006\067\006\047\006\101\040\014\006\176\006\060\006\314\006\061}{}% 18
\BOOKMARK [2][-]{subsection.6.1}{\376\377\006\061\006\110\006\047\006\050\006\067\000\040\006\176\006\314\006\064\006\061\006\110\000\040\006\110\000\040\006\176\006\063\006\061\006\110}{section.6}% 19
\BOOKMARK [2][-]{subsection.6.2}{\376\377\006\052\006\055\006\104\006\314\006\104\000\040\006\106\006\052\006\047\006\314\006\054}{section.6}% 20
\BOOKMARK [1][-]{section.7}{\376\377\006\107\000\051\000\040\006\064\006\050\006\251\006\107\000\040\006\251\006\047\006\105\006\104\006\047\006\113\000\040\006\047\006\106\006\071\006\067\006\047\006\101\040\014\006\176\006\060\006\314\006\061}{}% 21
\BOOKMARK [2][-]{subsection.7.1}{\376\377\006\061\006\110\006\047\006\050\006\067\000\040\006\176\006\063\006\061\006\110\000\040\006\110\000\040\006\042\006\105\006\110\006\062\006\064\000\040\006\176\006\047\006\061\006\047\006\105\006\052\006\061\006\107\006\047}{section.7}% 22
\BOOKMARK [2][-]{subsection.7.2}{\376\377\006\052\006\055\006\104\006\314\006\104\000\040\006\106\006\052\006\047\006\314\006\054}{section.7}% 23
\BOOKMARK [1][-]{section.8}{\376\377\006\054\006\105\006\071\040\014\006\050\006\106\006\057\006\314\000\040\006\110\000\040\006\105\006\102\006\047\006\314\006\063\006\107\000\040\006\106\006\107\006\047\006\314\006\314}{}% 24
